<?xml version="1.0" encoding="UTF-8"?>
<!-- Generated by org.testng.reporters.JUnitXMLReporter -->
<testsuite ignored="0" hostname="LAPTOP-LMLVHQUV" failures="0" tests="5" name="Surefire test" time="0.038" errors="0" timestamp="2026-09-23T11:27:51 IST">
  <testcase classname="pac1.ContactTest" name="createContactTest" time="0.004"/>
  <testcase classname="pac1.ContactTest" name="deleteContactTest" time="0.0"/>
  <testcase classname="pac1.ContactTest" name="modifyContactTest" time="0.0"/>
  <testcase classname="pac2.OrgTest" name="createOrgTest" time="0.001"/>
  <testcase classname="pac2.OrgTest" name="modifyOrgTest" time="0.001"/>
</testsuite> <!-- Surefire test -->
